<?xml version="1.0" encoding="UTF-8"?>
<!-- Generated by org.testng.reporters.JUnitReportReporter -->
<testsuite hostname="DESKTOP-HPG8DBN" failures="0" tests="15" name="api.test.DDT_Test" time="20.722" errors="0" timestamp="2024-11-17T20:59:38 IST" skipped="0">
  <testcase classname="api.test.DDT_Test" name="testPostUser" time="1.225"/>
  <testcase classname="api.test.DDT_Test" name="testPostUser" time="1.099"/>
  <testcase classname="api.test.DDT_Test" name="testPostUser" time="1.177"/>
  <testcase classname="api.test.DDT_Test" name="testPostUser" time="1.198"/>
  <testcase classname="api.test.DDT_Test" name="testPostUser" time="4.189"/>
  <testcase classname="api.test.DDT_Test" name="testGetUser" time="1.179"/>
  <testcase classname="api.test.DDT_Test" name="testGetUser" time="1.207"/>
  <testcase classname="api.test.DDT_Test" name="testGetUser" time="1.324"/>
  <testcase classname="api.test.DDT_Test" name="testGetUser" time="1.165"/>
  <testcase classname="api.test.DDT_Test" name="testGetUser" time="1.142"/>
  <testcase classname="api.test.DDT_Test" name="testDeleteUser" time="1.202"/>
  <testcase classname="api.test.DDT_Test" name="testDeleteUser" time="1.117"/>
  <testcase classname="api.test.DDT_Test" name="testDeleteUser" time="1.205"/>
  <testcase classname="api.test.DDT_Test" name="testDeleteUser" time="1.145"/>
  <testcase classname="api.test.DDT_Test" name="testDeleteUser" time="1.148"/>
</testsuite> <!-- api.test.DDT_Test -->
