<?xml version="1.0" encoding="UTF-8"?>
<!-- Generated by org.testng.reporters.JUnitReportReporter -->
<testsuite hostname="DESKTOP-HPG8DBN" failures="0" tests="4" name="api.test.UserTest2" time="5.793" errors="0" timestamp="2024-11-18T15:43:12 IST" skipped="0">
  <testcase classname="api.test.UserTest2" name="testPostUser" time="1.129"/>
  <testcase classname="api.test.UserTest2" name="testGetUserByName" time="1.159"/>
  <testcase classname="api.test.UserTest2" name="testUpdateUserByName" time="2.348"/>
  <testcase classname="api.test.UserTest2" name="testDeleteUserByName" time="1.157"/>
</testsuite> <!-- api.test.UserTest2 -->
