<?xml version="1.0" encoding="UTF-8"?>
<!-- Generated by org.testng.reporters.JUnitReportReporter -->
<testsuite hostname="DESKTOP-HPG8DBN" failures="0" tests="15" name="api.test.DDT_Test" time="17.594" errors="0" timestamp="2024-11-18T11:38:10 IST" skipped="0">
  <testcase classname="api.test.DDT_Test" name="testPostUser" time="1.129"/>
  <testcase classname="api.test.DDT_Test" name="testPostUser" time="1.182"/>
  <testcase classname="api.test.DDT_Test" name="testPostUser" time="1.240"/>
  <testcase classname="api.test.DDT_Test" name="testPostUser" time="1.183"/>
  <testcase classname="api.test.DDT_Test" name="testPostUser" time="1.193"/>
  <testcase classname="api.test.DDT_Test" name="testGetUser" time="1.130"/>
  <testcase classname="api.test.DDT_Test" name="testGetUser" time="1.186"/>
  <testcase classname="api.test.DDT_Test" name="testGetUser" time="1.217"/>
  <testcase classname="api.test.DDT_Test" name="testGetUser" time="1.206"/>
  <testcase classname="api.test.DDT_Test" name="testGetUser" time="1.127"/>
  <testcase classname="api.test.DDT_Test" name="testDeleteUser" time="1.119"/>
  <testcase classname="api.test.DDT_Test" name="testDeleteUser" time="1.174"/>
  <testcase classname="api.test.DDT_Test" name="testDeleteUser" time="1.158"/>
  <testcase classname="api.test.DDT_Test" name="testDeleteUser" time="1.227"/>
  <testcase classname="api.test.DDT_Test" name="testDeleteUser" time="1.123"/>
</testsuite> <!-- api.test.DDT_Test -->
