<?xml version="1.0" encoding="UTF-8"?>
<!-- Generated by org.testng.reporters.JUnitReportReporter -->
<testsuite hostname="DESKTOP-HPG8DBN" failures="0" tests="15" name="api.test.DDT_Test" time="17.629" errors="0" timestamp="2024-11-18T20:13:00 IST" skipped="0">
  <testcase classname="api.test.DDT_Test" name="testPostUser" time="1.197"/>
  <testcase classname="api.test.DDT_Test" name="testPostUser" time="1.206"/>
  <testcase classname="api.test.DDT_Test" name="testPostUser" time="1.141"/>
  <testcase classname="api.test.DDT_Test" name="testPostUser" time="1.203"/>
  <testcase classname="api.test.DDT_Test" name="testPostUser" time="1.209"/>
  <testcase classname="api.test.DDT_Test" name="testGetUser" time="1.171"/>
  <testcase classname="api.test.DDT_Test" name="testGetUser" time="1.156"/>
  <testcase classname="api.test.DDT_Test" name="testGetUser" time="1.148"/>
  <testcase classname="api.test.DDT_Test" name="testGetUser" time="1.068"/>
  <testcase classname="api.test.DDT_Test" name="testGetUser" time="1.259"/>
  <testcase classname="api.test.DDT_Test" name="testDeleteUser" time="1.185"/>
  <testcase classname="api.test.DDT_Test" name="testDeleteUser" time="1.181"/>
  <testcase classname="api.test.DDT_Test" name="testDeleteUser" time="1.175"/>
  <testcase classname="api.test.DDT_Test" name="testDeleteUser" time="1.205"/>
  <testcase classname="api.test.DDT_Test" name="testDeleteUser" time="1.125"/>
</testsuite> <!-- api.test.DDT_Test -->
