<?xml version="1.0" encoding="UTF-8"?>
<!-- Generated by org.testng.reporters.JUnitReportReporter -->
<testsuite hostname="DESKTOP-HPG8DBN" failures="0" tests="4" name="api.test.UserTest" time="9.406" errors="0" timestamp="2024-11-18T11:38:10 IST" skipped="0">
  <testcase classname="api.test.UserTest" name="testPostUser" time="4.637"/>
  <testcase classname="api.test.UserTest" name="testGetUserByName" time="1.257"/>
  <testcase classname="api.test.UserTest" name="testUpdateUserByName" time="2.419"/>
  <testcase classname="api.test.UserTest" name="testDeleteUserByName" time="1.093"/>
</testsuite> <!-- api.test.UserTest -->
