<?xml version="1.0" encoding="UTF-8"?>
<!-- Generated by org.testng.reporters.JUnitReportReporter -->
<testsuite hostname="DESKTOP-HPG8DBN" failures="0" tests="15" name="api.test.DDT_Test" time="17.420" errors="0" timestamp="2024-11-18T15:43:12 IST" skipped="0">
  <testcase classname="api.test.DDT_Test" name="testPostUser" time="1.134"/>
  <testcase classname="api.test.DDT_Test" name="testPostUser" time="1.117"/>
  <testcase classname="api.test.DDT_Test" name="testPostUser" time="1.175"/>
  <testcase classname="api.test.DDT_Test" name="testPostUser" time="1.130"/>
  <testcase classname="api.test.DDT_Test" name="testPostUser" time="1.144"/>
  <testcase classname="api.test.DDT_Test" name="testGetUser" time="1.204"/>
  <testcase classname="api.test.DDT_Test" name="testGetUser" time="1.103"/>
  <testcase classname="api.test.DDT_Test" name="testGetUser" time="1.154"/>
  <testcase classname="api.test.DDT_Test" name="testGetUser" time="1.219"/>
  <testcase classname="api.test.DDT_Test" name="testGetUser" time="1.130"/>
  <testcase classname="api.test.DDT_Test" name="testDeleteUser" time="1.195"/>
  <testcase classname="api.test.DDT_Test" name="testDeleteUser" time="1.165"/>
  <testcase classname="api.test.DDT_Test" name="testDeleteUser" time="1.181"/>
  <testcase classname="api.test.DDT_Test" name="testDeleteUser" time="1.147"/>
  <testcase classname="api.test.DDT_Test" name="testDeleteUser" time="1.222"/>
</testsuite> <!-- api.test.DDT_Test -->
