<?xml version="1.0" encoding="UTF-8"?>
<!-- Generated by org.testng.reporters.JUnitReportReporter -->
<testsuite hostname="DESKTOP-HPG8DBN" failures="0" tests="4" name="api.test.UserTest" time="11.077" errors="0" timestamp="2024-11-17T15:19:04 IST" skipped="0">
  <testcase classname="api.test.UserTest" name="testPostUser" time="6.305"/>
  <testcase classname="api.test.UserTest" name="testGetUserByName" time="1.285"/>
  <testcase classname="api.test.UserTest" name="testUpdateUserByName" time="2.308"/>
  <testcase classname="api.test.UserTest" name="testDeleteUserByName" time="1.179"/>
</testsuite> <!-- api.test.UserTest -->
