<?xml version="1.0" encoding="UTF-8"?>
<!-- Generated by org.testng.reporters.JUnitReportReporter -->
<testsuite hostname="DESKTOP-HPG8DBN" failures="0" tests="10" name="api.test.DDT_Test" time="14.777" errors="0" timestamp="2024-11-17T18:00:30 IST" skipped="0">
  <testcase classname="api.test.DDT_Test" name="testPostUser" time="1.161"/>
  <testcase classname="api.test.DDT_Test" name="testDeleteUserByNmae" time="3.803"/>
  <testcase classname="api.test.DDT_Test" name="testDeleteUserByNmae" time="1.176"/>
  <testcase classname="api.test.DDT_Test" name="testDeleteUserByNmae" time="1.186"/>
  <testcase classname="api.test.DDT_Test" name="testPostUser" time="1.157"/>
  <testcase classname="api.test.DDT_Test" name="testPostUser" time="1.110"/>
  <testcase classname="api.test.DDT_Test" name="testDeleteUserByNmae" time="1.234"/>
  <testcase classname="api.test.DDT_Test" name="testDeleteUserByNmae" time="1.190"/>
  <testcase classname="api.test.DDT_Test" name="testPostUser" time="1.630"/>
  <testcase classname="api.test.DDT_Test" name="testPostUser" time="1.130"/>
</testsuite> <!-- api.test.DDT_Test -->
