<?xml version="1.0" encoding="UTF-8"?>
<!-- Generated by org.testng.reporters.JUnitReportReporter -->
<testsuite hostname="DESKTOP-HPG8DBN" failures="0" tests="15" name="api.test.DDT_Test" time="17.648" errors="0" timestamp="2024-11-18T20:26:22 IST" skipped="0">
  <testcase classname="api.test.DDT_Test" name="testPostUser" time="1.209"/>
  <testcase classname="api.test.DDT_Test" name="testPostUser" time="1.327"/>
  <testcase classname="api.test.DDT_Test" name="testPostUser" time="1.170"/>
  <testcase classname="api.test.DDT_Test" name="testPostUser" time="1.147"/>
  <testcase classname="api.test.DDT_Test" name="testPostUser" time="1.247"/>
  <testcase classname="api.test.DDT_Test" name="testGetUser" time="1.206"/>
  <testcase classname="api.test.DDT_Test" name="testGetUser" time="1.167"/>
  <testcase classname="api.test.DDT_Test" name="testGetUser" time="1.130"/>
  <testcase classname="api.test.DDT_Test" name="testGetUser" time="1.146"/>
  <testcase classname="api.test.DDT_Test" name="testGetUser" time="1.121"/>
  <testcase classname="api.test.DDT_Test" name="testDeleteUser" time="1.128"/>
  <testcase classname="api.test.DDT_Test" name="testDeleteUser" time="1.162"/>
  <testcase classname="api.test.DDT_Test" name="testDeleteUser" time="1.125"/>
  <testcase classname="api.test.DDT_Test" name="testDeleteUser" time="1.201"/>
  <testcase classname="api.test.DDT_Test" name="testDeleteUser" time="1.162"/>
</testsuite> <!-- api.test.DDT_Test -->
