<?xml version="1.0" encoding="UTF-8"?>
<!-- Generated by org.testng.reporters.JUnitReportReporter -->
<testsuite hostname="DESKTOP-HPG8DBN" failures="0" tests="4" name="api.test.UserTest" time="9.678" errors="0" timestamp="2024-11-18T20:26:22 IST" skipped="0">
  <testcase classname="api.test.UserTest" name="testPostUser" time="4.951"/>
  <testcase classname="api.test.UserTest" name="testGetUserByName" time="1.252"/>
  <testcase classname="api.test.UserTest" name="testUpdateUserByName" time="2.358"/>
  <testcase classname="api.test.UserTest" name="testDeleteUserByName" time="1.117"/>
</testsuite> <!-- api.test.UserTest -->
