<?xml version="1.0" encoding="UTF-8"?>
<!-- Generated by org.testng.reporters.JUnitReportReporter -->
<testsuite hostname="DESKTOP-HPG8DBN" failures="0" tests="15" name="api.test.DDT_Test" time="17.805" errors="0" timestamp="2024-11-18T16:22:23 IST" skipped="0">
  <testcase classname="api.test.DDT_Test" name="testPostUser" time="1.159"/>
  <testcase classname="api.test.DDT_Test" name="testPostUser" time="1.141"/>
  <testcase classname="api.test.DDT_Test" name="testPostUser" time="1.179"/>
  <testcase classname="api.test.DDT_Test" name="testPostUser" time="1.192"/>
  <testcase classname="api.test.DDT_Test" name="testPostUser" time="1.137"/>
  <testcase classname="api.test.DDT_Test" name="testGetUser" time="1.247"/>
  <testcase classname="api.test.DDT_Test" name="testGetUser" time="1.137"/>
  <testcase classname="api.test.DDT_Test" name="testGetUser" time="1.154"/>
  <testcase classname="api.test.DDT_Test" name="testGetUser" time="1.219"/>
  <testcase classname="api.test.DDT_Test" name="testGetUser" time="1.169"/>
  <testcase classname="api.test.DDT_Test" name="testDeleteUser" time="1.142"/>
  <testcase classname="api.test.DDT_Test" name="testDeleteUser" time="1.232"/>
  <testcase classname="api.test.DDT_Test" name="testDeleteUser" time="1.270"/>
  <testcase classname="api.test.DDT_Test" name="testDeleteUser" time="1.227"/>
  <testcase classname="api.test.DDT_Test" name="testDeleteUser" time="1.200"/>
</testsuite> <!-- api.test.DDT_Test -->
