<?xml version="1.0" encoding="UTF-8"?>
<!-- Generated by org.testng.reporters.JUnitReportReporter -->
<testsuite hostname="DESKTOP-HPG8DBN" failures="0" tests="4" name="api.test.UserTest" time="9.727" errors="0" timestamp="2024-11-18T16:22:23 IST" skipped="0">
  <testcase classname="api.test.UserTest" name="testPostUser" time="4.978"/>
  <testcase classname="api.test.UserTest" name="testGetUserByName" time="1.182"/>
  <testcase classname="api.test.UserTest" name="testUpdateUserByName" time="2.241"/>
  <testcase classname="api.test.UserTest" name="testDeleteUserByName" time="1.326"/>
</testsuite> <!-- api.test.UserTest -->
