<?xml version="1.0" encoding="UTF-8"?>
<!-- Generated by org.testng.reporters.JUnitReportReporter -->
<testsuite hostname="DESKTOP-HPG8DBN" failures="0" tests="4" name="api.test.UserTest2" time="5.881" errors="0" timestamp="2024-11-18T16:22:23 IST" skipped="0">
  <testcase classname="api.test.UserTest2" name="testPostUser" time="1.142"/>
  <testcase classname="api.test.UserTest2" name="testGetUserByName" time="1.194"/>
  <testcase classname="api.test.UserTest2" name="testUpdateUserByName" time="2.409"/>
  <testcase classname="api.test.UserTest2" name="testDeleteUserByName" time="1.136"/>
</testsuite> <!-- api.test.UserTest2 -->
